epoch, lambda, acc, f1, pmale, pfemale, dp, omale, ofemale, deo
100, 0.300000, 0.759443, 0.533730, 0.298254, 0.219527, 0.078727, 0.551263, 0.632153, -0.080890
100, 0.400000, 0.752687, 0.515443, 0.299568, 0.220164, 0.079404, 0.536749, 0.637532, -0.100783
100, 0.500000, 0.746955, 0.505204, 0.283584, 0.241552, 0.042032, 0.513459, 0.641944, -0.128485
100, 0.600000, 0.761081, 0.526572, 0.292761, 0.211115, 0.081647, 0.542532, 0.646302, -0.103770
100, 0.700000, 0.751561, 0.504795, 0.286289, 0.223465, 0.062824, 0.522739, 0.602817, -0.080078
100, 0.800000, 0.743065, 0.470687, 0.274803, 0.214720, 0.060083, 0.489362, 0.522667, -0.033305
100, 0.900000, 0.738254, 0.487267, 0.298968, 0.209237, 0.089731, 0.520202, 0.497312, 0.022890
100, 1.000000, 0.744191, 0.506029, 0.306825, 0.209360, 0.097465, 0.540327, 0.532578, 0.007749
100, 1.100000, 0.726482, 0.454471, 0.284308, 0.224839, 0.059468, 0.469429, 0.547619, -0.078190
100, 1.200000, 0.730372, 0.471509, 0.299097, 0.241347, 0.057750, 0.516061, 0.557143, -0.041082
100, 1.300000, 0.734159, 0.457716, 0.277088, 0.198829, 0.078260, 0.462231, 0.510386, -0.048155
100, 1.400000, 0.731191, 0.489304, 0.310202, 0.244954, 0.065247, 0.532045, 0.590529, -0.058484
100, 1.500000, 0.719828, 0.467613, 0.307692, 0.248057, 0.059635, 0.515547, 0.522523, -0.006976
150, 0.300000, 0.764561, 0.535166, 0.302304, 0.212376, 0.089929, 0.559794, 0.691860, -0.132067
150, 0.400000, 0.764561, 0.533847, 0.282793, 0.220759, 0.062033, 0.532710, 0.686217, -0.153507
150, 0.500000, 0.759238, 0.519608, 0.285913, 0.216535, 0.069378, 0.531883, 0.620787, -0.088904
150, 0.600000, 0.760262, 0.501490, 0.273355, 0.204308, 0.069047, 0.510215, 0.594752, -0.084537
150, 0.700000, 0.765278, 0.532136, 0.279484, 0.207553, 0.071931, 0.528662, 0.618132, -0.089469
150, 0.800000, 0.762002, 0.522097, 0.289571, 0.211135, 0.078436, 0.558031, 0.530220, 0.027811
150, 0.900000, 0.752380, 0.493827, 0.266820, 0.216476, 0.050344, 0.488360, 0.598886, -0.110525
150, 1.000000, 0.749616, 0.504256, 0.297771, 0.213848, 0.083923, 0.536896, 0.565868, -0.028973
150, 1.100000, 0.752073, 0.512872, 0.297194, 0.229680, 0.067514, 0.544369, 0.626039, -0.081669
150, 1.200000, 0.753711, 0.505955, 0.285495, 0.212056, 0.073438, 0.521739, 0.583090, -0.061351
150, 1.300000, 0.756782, 0.505412, 0.279461, 0.191345, 0.088117, 0.503726, 0.578035, -0.074309
150, 1.400000, 0.752073, 0.520586, 0.302133, 0.219557, 0.082576, 0.544772, 0.610811, -0.066038
150, 1.500000, 0.755041, 0.512130, 0.299924, 0.188275, 0.111648, 0.532799, 0.568047, -0.035248
200, 0.300000, 0.764766, 0.532166, 0.299151, 0.191257, 0.107894, 0.558058, 0.553314, 0.004744
200, 0.400000, 0.767939, 0.532866, 0.280987, 0.208513, 0.072473, 0.529084, 0.674863, -0.145779
200, 0.500000, 0.760467, 0.538825, 0.292556, 0.238406, 0.054150, 0.547525, 0.705405, -0.157881
200, 0.600000, 0.771010, 0.525154, 0.268827, 0.188507, 0.080320, 0.510500, 0.618911, -0.108411
200, 0.700000, 0.764868, 0.536989, 0.293817, 0.203075, 0.090742, 0.547560, 0.640580, -0.093019
200, 0.800000, 0.750026, 0.517200, 0.301364, 0.225478, 0.075885, 0.531595, 0.677596, -0.146001
200, 0.900000, 0.757601, 0.524116, 0.287502, 0.201803, 0.085698, 0.518644, 0.616402, -0.097758
200, 1.000000, 0.771317, 0.530672, 0.275604, 0.187481, 0.088123, 0.526790, 0.594366, -0.067576
200, 1.100000, 0.763640, 0.513383, 0.270134, 0.199191, 0.070943, 0.512951, 0.569863, -0.056912
200, 1.200000, 0.764459, 0.532412, 0.284825, 0.212492, 0.072332, 0.544000, 0.601626, -0.057626
200, 1.300000, 0.767223, 0.526841, 0.286851, 0.180470, 0.106382, 0.534861, 0.564706, -0.029845
200, 1.400000, 0.746852, 0.503513, 0.288763, 0.234716, 0.054047, 0.518140, 0.633245, -0.115105
200, 1.500000, 0.759443, 0.501062, 0.273202, 0.206685, 0.066517, 0.505225, 0.619186, -0.113961
250, 0.300000, 0.768554, 0.542215, 0.288763, 0.213825, 0.074938, 0.551205, 0.651351, -0.100147
250, 0.400000, 0.771317, 0.544639, 0.286581, 0.211720, 0.074861, 0.549367, 0.680217, -0.130850
250, 0.500000, 0.771215, 0.552911, 0.296093, 0.203295, 0.092798, 0.555394, 0.688761, -0.133367
250, 0.600000, 0.763128, 0.518318, 0.273549, 0.219209, 0.054341, 0.517683, 0.669516, -0.151832
250, 0.700000, 0.766813, 0.532814, 0.284840, 0.213181, 0.071659, 0.544081, 0.644118, -0.100037
250, 0.800000, 0.761695, 0.519008, 0.275092, 0.223631, 0.051460, 0.517949, 0.666667, -0.148718
250, 0.900000, 0.752482, 0.485969, 0.251970, 0.201325, 0.050644, 0.459104, 0.573066, -0.113962
250, 1.000000, 0.768554, 0.539230, 0.289983, 0.200000, 0.089983, 0.551570, 0.606742, -0.055172
250, 1.100000, 0.760262, 0.511880, 0.275384, 0.199687, 0.075697, 0.509639, 0.602446, -0.092807
250, 1.200000, 0.761695, 0.527981, 0.282931, 0.231445, 0.051486, 0.537028, 0.668555, -0.131528
250, 1.300000, 0.758317, 0.509861, 0.278056, 0.211213, 0.066842, 0.512107, 0.607792, -0.095685
250, 1.400000, 0.757601, 0.512757, 0.277136, 0.210279, 0.066857, 0.505408, 0.656627, -0.151218
250, 1.500000, 0.766609, 0.526775, 0.275142, 0.228194, 0.046948, 0.541294, 0.628272, -0.086978
